Replace Part C18 Capacitor in C:\Users\Public\Documents\Altium\STM32_Serial_Ethernet\Ethernet.SchDoc with Capacitor from Celestial Altium Library - altium_library.DbLib
Replace Part C19 Capacitor in C:\Users\Public\Documents\Altium\STM32_Serial_Ethernet\Ethernet.SchDoc with Capacitor from Celestial Altium Library - altium_library.DbLib
Replace Part C20 Capacitor in C:\Users\Public\Documents\Altium\STM32_Serial_Ethernet\Ethernet.SchDoc with Capacitor from Celestial Altium Library - altium_library.DbLib
Replace Part C21 Capacitor in C:\Users\Public\Documents\Altium\STM32_Serial_Ethernet\Ethernet.SchDoc with Capacitor from Celestial Altium Library - altium_library.DbLib
Replace Part C22 Capacitor in C:\Users\Public\Documents\Altium\STM32_Serial_Ethernet\Ethernet.SchDoc with Capacitor from Celestial Altium Library - altium_library.DbLib
Replace Part C23 Capacitor in C:\Users\Public\Documents\Altium\STM32_Serial_Ethernet\Ethernet.SchDoc with Capacitor from Celestial Altium Library - altium_library.DbLib
Replace Part C24 Capacitor in C:\Users\Public\Documents\Altium\STM32_Serial_Ethernet\Ethernet.SchDoc with Capacitor from Celestial Altium Library - altium_library.DbLib
Replace Part C25 Capacitor in C:\Users\Public\Documents\Altium\STM32_Serial_Ethernet\Ethernet.SchDoc with Capacitor from Celestial Altium Library - altium_library.DbLib
Replace Part C26 Capacitor in C:\Users\Public\Documents\Altium\STM32_Serial_Ethernet\Ethernet.SchDoc with Capacitor from Celestial Altium Library - altium_library.DbLib
Replace Part C27 Capacitor in C:\Users\Public\Documents\Altium\STM32_Serial_Ethernet\Ethernet.SchDoc with Capacitor from Celestial Altium Library - altium_library.DbLib
Replace Part C28 Capacitor in C:\Users\Public\Documents\Altium\STM32_Serial_Ethernet\Ethernet.SchDoc with Capacitor from Celestial Altium Library - altium_library.DbLib
Replace Part C29 Capacitor in C:\Users\Public\Documents\Altium\STM32_Serial_Ethernet\Ethernet.SchDoc with Capacitor from Celestial Altium Library - altium_library.DbLib
Replace Part C30 Capacitor in C:\Users\Public\Documents\Altium\STM32_Serial_Ethernet\Ethernet.SchDoc with Capacitor from Celestial Altium Library - altium_library.DbLib
Replace Part C31 Capacitor in C:\Users\Public\Documents\Altium\STM32_Serial_Ethernet\Ethernet.SchDoc with Capacitor from Celestial Altium Library - altium_library.DbLib
Replace Part C32 Capacitor in C:\Users\Public\Documents\Altium\STM32_Serial_Ethernet\Ethernet.SchDoc with Capacitor from Celestial Altium Library - altium_library.DbLib
Replace Part C33 Capacitor in C:\Users\Public\Documents\Altium\STM32_Serial_Ethernet\Ethernet.SchDoc with Capacitor from Celestial Altium Library - altium_library.DbLib
Replace Part C34 Capacitor in C:\Users\Public\Documents\Altium\STM32_Serial_Ethernet\Ethernet.SchDoc with Capacitor from Celestial Altium Library - altium_library.DbLib
Replace Part C35 Capacitor in C:\Users\Public\Documents\Altium\STM32_Serial_Ethernet\Ethernet.SchDoc with Capacitor from Celestial Altium Library - altium_library.DbLib
Replace Part FB2 Ferrite Chip in C:\Users\Public\Documents\Altium\STM32_Serial_Ethernet\Ethernet.SchDoc with Ferrite Chip from Celestial Altium Library - altium_library.DbLib
Replace Part IC3 W5500 in C:\Users\Public\Documents\Altium\STM32_Serial_Ethernet\Ethernet.SchDoc with W5500 from SamacSys.SchLib
Replace Part J2 HR911105A in C:\Users\Public\Documents\Altium\STM32_Serial_Ethernet\Ethernet.SchDoc with HR911105A from HR911105A.SchLib
Replace Part R15 Resistor in C:\Users\Public\Documents\Altium\STM32_Serial_Ethernet\Ethernet.SchDoc with Resistor from Celestial Altium Library - altium_library.DbLib
Replace Part R16 Resistor in C:\Users\Public\Documents\Altium\STM32_Serial_Ethernet\Ethernet.SchDoc with Resistor from Celestial Altium Library - altium_library.DbLib
Replace Part R17 Resistor in C:\Users\Public\Documents\Altium\STM32_Serial_Ethernet\Ethernet.SchDoc with Resistor from Celestial Altium Library - altium_library.DbLib
Replace Part R18 Resistor in C:\Users\Public\Documents\Altium\STM32_Serial_Ethernet\Ethernet.SchDoc with Resistor from Celestial Altium Library - altium_library.DbLib
Replace Part R19 Resistor in C:\Users\Public\Documents\Altium\STM32_Serial_Ethernet\Ethernet.SchDoc with Resistor from Celestial Altium Library - altium_library.DbLib
Replace Part R20 Resistor in C:\Users\Public\Documents\Altium\STM32_Serial_Ethernet\Ethernet.SchDoc with Resistor from Celestial Altium Library - altium_library.DbLib
Replace Part R21 Resistor in C:\Users\Public\Documents\Altium\STM32_Serial_Ethernet\Ethernet.SchDoc with Resistor from Celestial Altium Library - altium_library.DbLib
Replace Part R22 Resistor in C:\Users\Public\Documents\Altium\STM32_Serial_Ethernet\Ethernet.SchDoc with Resistor from Celestial Altium Library - altium_library.DbLib
Replace Part R23 Resistor in C:\Users\Public\Documents\Altium\STM32_Serial_Ethernet\Ethernet.SchDoc with Resistor from Celestial Altium Library - altium_library.DbLib
Replace Part R24 Resistor in C:\Users\Public\Documents\Altium\STM32_Serial_Ethernet\Ethernet.SchDoc with Resistor from Celestial Altium Library - altium_library.DbLib
Replace Part R25 Resistor in C:\Users\Public\Documents\Altium\STM32_Serial_Ethernet\Ethernet.SchDoc with Resistor from Celestial Altium Library - altium_library.DbLib
Replace Part R26 Resistor in C:\Users\Public\Documents\Altium\STM32_Serial_Ethernet\Ethernet.SchDoc with Resistor from Celestial Altium Library - altium_library.DbLib
Replace Part R27 Resistor in C:\Users\Public\Documents\Altium\STM32_Serial_Ethernet\Ethernet.SchDoc with Resistor from Celestial Altium Library - altium_library.DbLib
Replace Part R28 Resistor in C:\Users\Public\Documents\Altium\STM32_Serial_Ethernet\Ethernet.SchDoc with Resistor from Celestial Altium Library - altium_library.DbLib
Replace Part R29 Resistor in C:\Users\Public\Documents\Altium\STM32_Serial_Ethernet\Ethernet.SchDoc with Resistor from Celestial Altium Library - altium_library.DbLib
Replace Part R30 Resistor in C:\Users\Public\Documents\Altium\STM32_Serial_Ethernet\Ethernet.SchDoc with Resistor from Celestial Altium Library - altium_library.DbLib
Replace Part R31 Resistor in C:\Users\Public\Documents\Altium\STM32_Serial_Ethernet\Ethernet.SchDoc with Resistor from Celestial Altium Library - altium_library.DbLib
Replace Part R32 Resistor in C:\Users\Public\Documents\Altium\STM32_Serial_Ethernet\Ethernet.SchDoc with Resistor from Celestial Altium Library - altium_library.DbLib
Replace Part R33 Resistor in C:\Users\Public\Documents\Altium\STM32_Serial_Ethernet\Ethernet.SchDoc with Resistor from Celestial Altium Library - altium_library.DbLib
Replace Part R34 Resistor in C:\Users\Public\Documents\Altium\STM32_Serial_Ethernet\Ethernet.SchDoc with Resistor from Celestial Altium Library - altium_library.DbLib
Replace Part R35 Resistor in C:\Users\Public\Documents\Altium\STM32_Serial_Ethernet\Ethernet.SchDoc with Resistor from Celestial Altium Library - altium_library.DbLib
Replace Part R36 Resistor in C:\Users\Public\Documents\Altium\STM32_Serial_Ethernet\Ethernet.SchDoc with Resistor from Celestial Altium Library - altium_library.DbLib
Replace Part R37 Resistor in C:\Users\Public\Documents\Altium\STM32_Serial_Ethernet\Ethernet.SchDoc with Resistor from Celestial Altium Library - altium_library.DbLib
Replace Part R38 Resistor in C:\Users\Public\Documents\Altium\STM32_Serial_Ethernet\Ethernet.SchDoc with Resistor from Celestial Altium Library - altium_library.DbLib
Replace Part Y2 Epson Crystal TSX-3225 in C:\Users\Public\Documents\Altium\STM32_Serial_Ethernet\Ethernet.SchDoc with Epson Crystal TSX-3225 from Celestial Altium Library - altium_library.DbLib
