Replace Part C36 Capacitor in C:\Users\Public\Documents\Altium\STM32_Serial_Ethernet\Serial.SchDoc with Capacitor from Celestial Altium Library - altium_library.DbLib
Replace Part C37 Capacitor in C:\Users\Public\Documents\Altium\STM32_Serial_Ethernet\Serial.SchDoc with Capacitor from Celestial Altium Library - altium_library.DbLib
Replace Part C38 Capacitor in C:\Users\Public\Documents\Altium\STM32_Serial_Ethernet\Serial.SchDoc with Capacitor from Celestial Altium Library - altium_library.DbLib
Replace Part C39 Capacitor in C:\Users\Public\Documents\Altium\STM32_Serial_Ethernet\Serial.SchDoc with Capacitor from Celestial Altium Library - altium_library.DbLib
Replace Part C40 Capacitor in C:\Users\Public\Documents\Altium\STM32_Serial_Ethernet\Serial.SchDoc with Capacitor from Celestial Altium Library - altium_library.DbLib
Replace Part C41 Capacitor in C:\Users\Public\Documents\Altium\STM32_Serial_Ethernet\Serial.SchDoc with Capacitor from Celestial Altium Library - altium_library.DbLib
Replace Part C42 Capacitor in C:\Users\Public\Documents\Altium\STM32_Serial_Ethernet\Serial.SchDoc with Capacitor from Celestial Altium Library - altium_library.DbLib
Replace Part C43 Capacitor in C:\Users\Public\Documents\Altium\STM32_Serial_Ethernet\Serial.SchDoc with Capacitor from Celestial Altium Library - altium_library.DbLib
Replace Part C44 Capacitor in C:\Users\Public\Documents\Altium\STM32_Serial_Ethernet\Serial.SchDoc with Capacitor from Celestial Altium Library - altium_library.DbLib
Replace Part C45 Capacitor in C:\Users\Public\Documents\Altium\STM32_Serial_Ethernet\Serial.SchDoc with Capacitor from Celestial Altium Library - altium_library.DbLib
Replace Part C46 Capacitor in C:\Users\Public\Documents\Altium\STM32_Serial_Ethernet\Serial.SchDoc with Capacitor from Celestial Altium Library - altium_library.DbLib
Replace Part C47 Capacitor in C:\Users\Public\Documents\Altium\STM32_Serial_Ethernet\Serial.SchDoc with Capacitor from Celestial Altium Library - altium_library.DbLib
Replace Part C48 Capacitor in C:\Users\Public\Documents\Altium\STM32_Serial_Ethernet\Serial.SchDoc with Capacitor from Celestial Altium Library - altium_library.DbLib
Replace Part C49 Capacitor in C:\Users\Public\Documents\Altium\STM32_Serial_Ethernet\Serial.SchDoc with Capacitor from Celestial Altium Library - altium_library.DbLib
Replace Part D4 CG0603MLC-05EA in C:\Users\Public\Documents\Altium\STM32_Serial_Ethernet\Serial.SchDoc with CG0603MLC-05EA from SamacSys.SchLib
Replace Part IC4 TJA1051T_3_CM,118 in C:\Users\Public\Documents\Altium\STM32_Serial_Ethernet\Serial.SchDoc with TJA1051T_3_CM,118 from SamacSys.SchLib
Replace Part IC5 MAX3232ECD in C:\Users\Public\Documents\Altium\STM32_Serial_Ethernet\Serial.SchDoc with MAX3232ECD from SamacSys.SchLib
Replace Part IC6 SP3494CN-L_TR in C:\Users\Public\Documents\Altium\STM32_Serial_Ethernet\Serial.SchDoc with SP3494CN-L_TR from SamacSys.SchLib
Replace Part J3 618009211821 in C:\Users\Public\Documents\Altium\STM32_Serial_Ethernet\Serial.SchDoc with 618009211821 from 618009211821.SchLib
Replace Part R39 Resistor in C:\Users\Public\Documents\Altium\STM32_Serial_Ethernet\Serial.SchDoc with Resistor from Celestial Altium Library - altium_library.DbLib
Replace Part R40 Resistor in C:\Users\Public\Documents\Altium\STM32_Serial_Ethernet\Serial.SchDoc with Resistor from Celestial Altium Library - altium_library.DbLib
Replace Part R41 Resistor in C:\Users\Public\Documents\Altium\STM32_Serial_Ethernet\Serial.SchDoc with Resistor from Celestial Altium Library - altium_library.DbLib
Replace Part R42 Resistor in C:\Users\Public\Documents\Altium\STM32_Serial_Ethernet\Serial.SchDoc with Resistor from Celestial Altium Library - altium_library.DbLib
Replace Part RV11 CG0603MLC-3.3LE in C:\Users\Public\Documents\Altium\STM32_Serial_Ethernet\Serial.SchDoc with CG0603MLC-3.3LE from SamacSys.SchLib
Replace Part RV12 CG0603MLC-3.3LE in C:\Users\Public\Documents\Altium\STM32_Serial_Ethernet\Serial.SchDoc with CG0603MLC-3.3LE from SamacSys.SchLib
Replace Part RV13 CG0603MLC-3.3LE in C:\Users\Public\Documents\Altium\STM32_Serial_Ethernet\Serial.SchDoc with CG0603MLC-3.3LE from SamacSys.SchLib
