Replace Part C1 Capacitor in C:\Users\Public\Documents\Altium\STM32_Serial_Ethernet\STM32.SchDoc with Capacitor from Celestial Altium Library - altium_library.DbLib
Replace Part C2 Capacitor in C:\Users\Public\Documents\Altium\STM32_Serial_Ethernet\STM32.SchDoc with Capacitor from Celestial Altium Library - altium_library.DbLib
Replace Part C3 Capacitor in C:\Users\Public\Documents\Altium\STM32_Serial_Ethernet\STM32.SchDoc with Capacitor from Celestial Altium Library - altium_library.DbLib
Replace Part C4 Capacitor in C:\Users\Public\Documents\Altium\STM32_Serial_Ethernet\STM32.SchDoc with Capacitor from Celestial Altium Library - altium_library.DbLib
Replace Part C5 Capacitor in C:\Users\Public\Documents\Altium\STM32_Serial_Ethernet\STM32.SchDoc with Capacitor from Celestial Altium Library - altium_library.DbLib
Replace Part C6 Capacitor in C:\Users\Public\Documents\Altium\STM32_Serial_Ethernet\STM32.SchDoc with Capacitor from Celestial Altium Library - altium_library.DbLib
Replace Part C7 Capacitor in C:\Users\Public\Documents\Altium\STM32_Serial_Ethernet\STM32.SchDoc with Capacitor from Celestial Altium Library - altium_library.DbLib
Replace Part C8 Capacitor in C:\Users\Public\Documents\Altium\STM32_Serial_Ethernet\STM32.SchDoc with Capacitor from Celestial Altium Library - altium_library.DbLib
Replace Part C9 Capacitor in C:\Users\Public\Documents\Altium\STM32_Serial_Ethernet\STM32.SchDoc with Capacitor from Celestial Altium Library - altium_library.DbLib
Replace Part C10 Capacitor in C:\Users\Public\Documents\Altium\STM32_Serial_Ethernet\STM32.SchDoc with Capacitor from Celestial Altium Library - altium_library.DbLib
Replace Part C11 Capacitor in C:\Users\Public\Documents\Altium\STM32_Serial_Ethernet\STM32.SchDoc with Capacitor from Celestial Altium Library - altium_library.DbLib
Replace Part C12 Capacitor in C:\Users\Public\Documents\Altium\STM32_Serial_Ethernet\STM32.SchDoc with Capacitor from Celestial Altium Library - altium_library.DbLib
Replace Part C13 Capacitor in C:\Users\Public\Documents\Altium\STM32_Serial_Ethernet\STM32.SchDoc with Capacitor from Celestial Altium Library - altium_library.DbLib
Replace Part C14 Capacitor in C:\Users\Public\Documents\Altium\STM32_Serial_Ethernet\STM32.SchDoc with Capacitor from Celestial Altium Library - altium_library.DbLib
Replace Part C15 Capacitor in C:\Users\Public\Documents\Altium\STM32_Serial_Ethernet\STM32.SchDoc with Capacitor from Celestial Altium Library - altium_library.DbLib
Replace Part C16 Capacitor in C:\Users\Public\Documents\Altium\STM32_Serial_Ethernet\STM32.SchDoc with Capacitor from Celestial Altium Library - altium_library.DbLib
Replace Part C17 Capacitor in C:\Users\Public\Documents\Altium\STM32_Serial_Ethernet\STM32.SchDoc with Capacitor from Celestial Altium Library - altium_library.DbLib
Replace Part D1 CG0603MLC-05EA in C:\Users\Public\Documents\Altium\STM32_Serial_Ethernet\STM32.SchDoc with CG0603MLC-05EA from SamacSys.SchLib
Replace Part D2 LED in C:\Users\Public\Documents\Altium\STM32_Serial_Ethernet\STM32.SchDoc with LED from Celestial Altium Library - altium_library.DbLib
Replace Part D3 LED in C:\Users\Public\Documents\Altium\STM32_Serial_Ethernet\STM32.SchDoc with LED from Celestial Altium Library - altium_library.DbLib
Replace Part FB1 Ferrite Chip in C:\Users\Public\Documents\Altium\STM32_Serial_Ethernet\STM32.SchDoc with Ferrite Chip from Celestial Altium Library - altium_library.DbLib
Replace Part IC1 TLV62569DBVR in C:\Users\Public\Documents\Altium\STM32_Serial_Ethernet\STM32.SchDoc with TLV62569DBVR from SamacSys.SchLib
Replace Part IC2 STM32F103C8T6 in C:\Users\Public\Documents\Altium\STM32_Serial_Ethernet\STM32.SchDoc with STM32F103C8T6 from SamacSys.SchLib
Replace Part J1 TC2030-NL in C:\Users\Public\Documents\Altium\STM32_Serial_Ethernet\STM32.SchDoc with TC2030-NL from Schematic-Lib-PhilsLab.SchLib
Replace Part J7 5024430660 in C:\Users\Public\Documents\Altium\STM32_Serial_Ethernet\STM32.SchDoc with 5024430660 from SamacSys.SchLib
Replace Part L1 Inductor in C:\Users\Public\Documents\Altium\STM32_Serial_Ethernet\STM32.SchDoc with Inductor from Celestial Altium Library - altium_library.DbLib
Replace Part Q1 DMP2045U-7 in C:\Users\Public\Documents\Altium\STM32_Serial_Ethernet\STM32.SchDoc with DMP2045U-7 from SamacSys.SchLib
Replace Part R1 Resistor in C:\Users\Public\Documents\Altium\STM32_Serial_Ethernet\STM32.SchDoc with Resistor from Celestial Altium Library - altium_library.DbLib
Replace Part R2 Resistor in C:\Users\Public\Documents\Altium\STM32_Serial_Ethernet\STM32.SchDoc with Resistor from Celestial Altium Library - altium_library.DbLib
Replace Part R3 Resistor in C:\Users\Public\Documents\Altium\STM32_Serial_Ethernet\STM32.SchDoc with Resistor from Celestial Altium Library - altium_library.DbLib
Replace Part R4 Resistor in C:\Users\Public\Documents\Altium\STM32_Serial_Ethernet\STM32.SchDoc with Resistor from Celestial Altium Library - altium_library.DbLib
Replace Part R5 Resistor in C:\Users\Public\Documents\Altium\STM32_Serial_Ethernet\STM32.SchDoc with Resistor from Celestial Altium Library - altium_library.DbLib
Replace Part R6 Resistor in C:\Users\Public\Documents\Altium\STM32_Serial_Ethernet\STM32.SchDoc with Resistor from Celestial Altium Library - altium_library.DbLib
Replace Part R7 Resistor in C:\Users\Public\Documents\Altium\STM32_Serial_Ethernet\STM32.SchDoc with Resistor from Celestial Altium Library - altium_library.DbLib
Replace Part R8 Resistor in C:\Users\Public\Documents\Altium\STM32_Serial_Ethernet\STM32.SchDoc with Resistor from Celestial Altium Library - altium_library.DbLib
Replace Part R9 Resistor in C:\Users\Public\Documents\Altium\STM32_Serial_Ethernet\STM32.SchDoc with Resistor from Celestial Altium Library - altium_library.DbLib
Replace Part R10 Resistor in C:\Users\Public\Documents\Altium\STM32_Serial_Ethernet\STM32.SchDoc with Resistor from Celestial Altium Library - altium_library.DbLib
Replace Part R11 Resistor in C:\Users\Public\Documents\Altium\STM32_Serial_Ethernet\STM32.SchDoc with Resistor from Celestial Altium Library - altium_library.DbLib
Replace Part R12 Resistor in C:\Users\Public\Documents\Altium\STM32_Serial_Ethernet\STM32.SchDoc with Resistor from Celestial Altium Library - altium_library.DbLib
Replace Part R13 Resistor in C:\Users\Public\Documents\Altium\STM32_Serial_Ethernet\STM32.SchDoc with Resistor from Celestial Altium Library - altium_library.DbLib
Replace Part R14 Resistor in C:\Users\Public\Documents\Altium\STM32_Serial_Ethernet\STM32.SchDoc with Resistor from Celestial Altium Library - altium_library.DbLib
Replace Part RV1 CG0603MLC-3.3LE in C:\Users\Public\Documents\Altium\STM32_Serial_Ethernet\STM32.SchDoc with CG0603MLC-3.3LE from SamacSys.SchLib
Replace Part RV2 CG0603MLC-3.3LE in C:\Users\Public\Documents\Altium\STM32_Serial_Ethernet\STM32.SchDoc with CG0603MLC-3.3LE from SamacSys.SchLib
Replace Part RV3 CG0603MLC-3.3LE in C:\Users\Public\Documents\Altium\STM32_Serial_Ethernet\STM32.SchDoc with CG0603MLC-3.3LE from SamacSys.SchLib
Replace Part RV4 CG0603MLC-3.3LE in C:\Users\Public\Documents\Altium\STM32_Serial_Ethernet\STM32.SchDoc with CG0603MLC-3.3LE from SamacSys.SchLib
Replace Part RV5 CG0603MLC-3.3LE in C:\Users\Public\Documents\Altium\STM32_Serial_Ethernet\STM32.SchDoc with CG0603MLC-3.3LE from SamacSys.SchLib
Replace Part RV6 CG0603MLC-3.3LE in C:\Users\Public\Documents\Altium\STM32_Serial_Ethernet\STM32.SchDoc with CG0603MLC-3.3LE from SamacSys.SchLib
Replace Part RV7 CG0603MLC-3.3LE in C:\Users\Public\Documents\Altium\STM32_Serial_Ethernet\STM32.SchDoc with CG0603MLC-3.3LE from SamacSys.SchLib
Replace Part RV8 CG0603MLC-3.3LE in C:\Users\Public\Documents\Altium\STM32_Serial_Ethernet\STM32.SchDoc with CG0603MLC-3.3LE from SamacSys.SchLib
Replace Part RV9 CG0603MLC-3.3LE in C:\Users\Public\Documents\Altium\STM32_Serial_Ethernet\STM32.SchDoc with CG0603MLC-3.3LE from SamacSys.SchLib
Replace Part RV10 CG0603MLC-3.3LE in C:\Users\Public\Documents\Altium\STM32_Serial_Ethernet\STM32.SchDoc with CG0603MLC-3.3LE from SamacSys.SchLib
Replace Part Y1 X322516MLB4SI in C:\Users\Public\Documents\Altium\STM32_Serial_Ethernet\STM32.SchDoc with X322516MLB4SI from SamacSys.SchLib
