Change Physical Footprint: Designator=C1 Old Footprint=CAP 0603_1608 New Footprint=CAP 0603_1608
Change Physical Footprint: Designator=C2 Old Footprint=CAP 0603_1608 New Footprint=CAP 0603_1608
Change Physical Footprint: Designator=C3 Old Footprint=CAP 0603_1608 New Footprint=CAP 0603_1608
Change Physical Footprint: Designator=C4 Old Footprint=CAP 0805_2012 New Footprint=CAP 0805_2012
Change Physical Footprint: Designator=C5 Old Footprint=CAP 0805_2012 New Footprint=CAP 0805_2012
Change Physical Footprint: Designator=C6 Old Footprint=CAP 0805_2012 New Footprint=CAP 0805_2012
Change Physical Footprint: Designator=C7 Old Footprint=CAP 0603_1608 New Footprint=CAP 0603_1608
Change Physical Footprint: Designator=C8 Old Footprint=CAP 0603_1608 New Footprint=CAP 0603_1608
Change Physical Footprint: Designator=C9 Old Footprint=CAP 0603_1608 New Footprint=CAP 0603_1608
Change Physical Footprint: Designator=C10 Old Footprint=CAP 0603_1608 New Footprint=CAP 0603_1608
Change Physical Footprint: Designator=C11 Old Footprint=CAP 0603_1608 New Footprint=CAP 0603_1608
Change Physical Footprint: Designator=C12 Old Footprint=CAP 0805_2012 New Footprint=CAP 0805_2012
Change Physical Footprint: Designator=C13 Old Footprint=CAP 0603_1608 New Footprint=CAP 0603_1608
Change Physical Footprint: Designator=C14 Old Footprint=CAP 0603_1608 New Footprint=CAP 0603_1608
Change Physical Footprint: Designator=C15 Old Footprint=CAP 0603_1608 New Footprint=CAP 0603_1608
Change Physical Footprint: Designator=C16 Old Footprint=CAP 0603_1608 New Footprint=CAP 0603_1608
Change Physical Footprint: Designator=C17 Old Footprint=CAP 0603_1608 New Footprint=CAP 0603_1608
Change Physical Footprint: Designator=C18 Old Footprint=CAP 0603_1608 New Footprint=CAP 0603_1608
Change Physical Footprint: Designator=C19 Old Footprint=CAP 0603_1608 New Footprint=CAP 0603_1608
Change Physical Footprint: Designator=C20 Old Footprint=CAP 0603_1608 New Footprint=CAP 0603_1608
Change Physical Footprint: Designator=C21 Old Footprint=CAP 0603_1608 New Footprint=CAP 0603_1608
Change Physical Footprint: Designator=C22 Old Footprint=CAP 0603_1608 New Footprint=CAP 0603_1608
Change Physical Footprint: Designator=C23 Old Footprint=CAP 0603_1608 New Footprint=CAP 0603_1608
Change Physical Footprint: Designator=C24 Old Footprint=CAP 0603_1608 New Footprint=CAP 0603_1608
Change Physical Footprint: Designator=C25 Old Footprint=CAP 0603_1608 New Footprint=CAP 0603_1608
Change Physical Footprint: Designator=C26 Old Footprint=CAP 0603_1608 New Footprint=CAP 0603_1608
Change Physical Footprint: Designator=C27 Old Footprint=CAP 0603_1608 New Footprint=CAP 0603_1608
Change Physical Footprint: Designator=C29 Old Footprint=CAP 0603_1608 New Footprint=CAP 0603_1608
Change Physical Footprint: Designator=C30 Old Footprint=CAP 0603_1608 New Footprint=CAP 0603_1608
Change Physical Footprint: Designator=C31 Old Footprint=CAP 0603_1608 New Footprint=CAP 0603_1608
Change Physical Footprint: Designator=C32 Old Footprint=CAP 0603_1608 New Footprint=CAP 0603_1608
Change Physical Footprint: Designator=C33 Old Footprint=CAP 0603_1608 New Footprint=CAP 0603_1608
Change Physical Footprint: Designator=C35 Old Footprint=CAP 0603_1608 New Footprint=CAP 0603_1608
Change Physical Footprint: Designator=C36 Old Footprint=CAP 0603_1608 New Footprint=CAP 0603_1608
Change Physical Footprint: Designator=C37 Old Footprint=CAP 0603_1608 New Footprint=CAP 0603_1608
Change Physical Footprint: Designator=C38 Old Footprint=CAP 0603_1608 New Footprint=CAP 0603_1608
Change Physical Footprint: Designator=C39 Old Footprint=CAP 0603_1608 New Footprint=CAP 0603_1608
Change Physical Footprint: Designator=C40 Old Footprint=CAP 0603_1608 New Footprint=CAP 0603_1608
Change Physical Footprint: Designator=C41 Old Footprint=CAP 0603_1608 New Footprint=CAP 0603_1608
Change Physical Footprint: Designator=C42 Old Footprint=CAP 0603_1608 New Footprint=CAP 0603_1608
Change Physical Footprint: Designator=C43 Old Footprint=CAP 0603_1608 New Footprint=CAP 0603_1608
Change Physical Footprint: Designator=C44 Old Footprint=CAP 0603_1608 New Footprint=CAP 0603_1608
Change Physical Footprint: Designator=C45 Old Footprint=CAP 0603_1608 New Footprint=CAP 0603_1608
Change Physical Footprint: Designator=C46 Old Footprint=CAP 0603_1608 New Footprint=CAP 0603_1608
Change Physical Footprint: Designator=C47 Old Footprint=CAP 0603_1608 New Footprint=CAP 0603_1608
Change Physical Footprint: Designator=C48 Old Footprint=CAP 0603_1608 New Footprint=CAP 0603_1608
Change Physical Footprint: Designator=C49 Old Footprint=CAP 0603_1608 New Footprint=CAP 0603_1608
Change Physical Footprint: Designator=C50 Old Footprint=CAP 0603_1608 New Footprint=CAP 0603_1608
Change Physical Footprint: Designator=D1 Old Footprint=DIONC1608X55N New Footprint=DIONC1608X55N
Change Physical Footprint: Designator=D2 Old Footprint=LED 0603_1608 RED New Footprint=LED 0603_1608 RED
Change Physical Footprint: Designator=D3 Old Footprint=LED 0603_1608 GREEN New Footprint=LED 0603_1608 GREEN
Change Physical Footprint: Designator=D4 Old Footprint=DIONC1608X55N New Footprint=DIONC1608X55N
Change Physical Footprint: Designator=FB1 Old Footprint=FER 0603_1608 New Footprint=FER 0603_1608
Change Physical Footprint: Designator=FB2 Old Footprint=FER 0603_1608 New Footprint=FER 0603_1608
Change Physical Footprint: Designator=IC1 Old Footprint=SOT95P280X145-5N New Footprint=SOT95P280X145-5N
Change Physical Footprint: Designator=IC2 Old Footprint=QFP50P900X900X160-48N New Footprint=QFP50P900X900X160-48N
Change Physical Footprint: Designator=IC3 Old Footprint=QFP50P900X900X160-48N New Footprint=QFP50P900X900X160-48N
Change Physical Footprint: Designator=IC4 Old Footprint=SOIC127P600X175-8N New Footprint=SOIC127P600X175-8N
Change Physical Footprint: Designator=IC5 Old Footprint=SOIC127P600X175-16N New Footprint=SOIC127P600X175-16N
Change Physical Footprint: Designator=IC6 Old Footprint=SOIC127P600X175-8N New Footprint=SOIC127P600X175-8N
Change Physical Footprint: Designator=J1 Old Footprint=TC2030-NL-FP New Footprint=TC2030-NL-FP
Change Physical Footprint: Designator=J2 Old Footprint=HANRUN_HR911105A New Footprint=HANRUN_HR911105A
Change Physical Footprint: Designator=J3 Old Footprint=618009211821 New Footprint=618009211821
Change Physical Footprint: Designator=J4 Old Footprint=JST_SM06B-GHS-TB(LF)(SN) New Footprint=JST_SM06B-GHS-TB(LF)(SN)
Change Physical Footprint: Designator=J5 Old Footprint=JST_SM04B-GHS-TB(LF)(SN)- New Footprint=JST_SM04B-GHS-TB(LF)(SN)-
Change Physical Footprint: Designator=J6 Old Footprint=JST_SM04B-GHS-TB(LF)(SN)- New Footprint=JST_SM04B-GHS-TB(LF)(SN)-
Change Physical Footprint: Designator=J7 Old Footprint=50244306YY New Footprint=50244306YY
Change Physical Footprint: Designator=L2 Old Footprint=IND_AMDLA4020S-2R2MT New Footprint=IND_AMDLA4020S-2R2MT
Change Physical Footprint: Designator=Q1 Old Footprint=SOT96P240X110-3N New Footprint=SOT96P240X110-3N
Change Physical Footprint: Designator=R1 Old Footprint=RES 0603_1608 New Footprint=RES 0603_1608
Change Physical Footprint: Designator=R2 Old Footprint=RES 0603_1608 New Footprint=RES 0603_1608
Change Physical Footprint: Designator=R3 Old Footprint=RES 0603_1608 New Footprint=RES 0603_1608
Change Physical Footprint: Designator=R4 Old Footprint=RES 0603_1608 New Footprint=RES 0603_1608
Change Physical Footprint: Designator=R5 Old Footprint=RES 0603_1608 New Footprint=RES 0603_1608
Change Physical Footprint: Designator=R6 Old Footprint=RES 0603_1608 New Footprint=RES 0603_1608
Change Physical Footprint: Designator=R7 Old Footprint=RES 0603_1608 New Footprint=RES 0603_1608
Change Physical Footprint: Designator=R8 Old Footprint=RES 0603_1608 New Footprint=RES 0603_1608
Change Physical Footprint: Designator=R9 Old Footprint=RES 0603_1608 New Footprint=RES 0603_1608
Change Physical Footprint: Designator=R10 Old Footprint=RES 0603_1608 New Footprint=RES 0603_1608
Change Physical Footprint: Designator=R11 Old Footprint=RES 0603_1608 New Footprint=RES 0603_1608
Change Physical Footprint: Designator=R12 Old Footprint=RES 0603_1608 New Footprint=RES 0603_1608
Change Physical Footprint: Designator=R13 Old Footprint=RES 0603_1608 New Footprint=RES 0603_1608
Change Physical Footprint: Designator=R14 Old Footprint=RES 0603_1608 New Footprint=RES 0603_1608
Change Physical Footprint: Designator=R20 Old Footprint=RES 0603_1608 New Footprint=RES 0603_1608
Change Physical Footprint: Designator=R21 Old Footprint=RES 0603_1608 New Footprint=RES 0603_1608
Change Physical Footprint: Designator=R22 Old Footprint=RES 0603_1608 New Footprint=RES 0603_1608
Change Physical Footprint: Designator=R23 Old Footprint=RES 0603_1608 New Footprint=RES 0603_1608
Change Physical Footprint: Designator=R24 Old Footprint=RES 0603_1608 New Footprint=RES 0603_1608
Change Physical Footprint: Designator=R25 Old Footprint=RES 0603_1608 New Footprint=RES 0603_1608
Change Physical Footprint: Designator=R26 Old Footprint=RES 0603_1608 New Footprint=RES 0603_1608
Change Physical Footprint: Designator=R27 Old Footprint=RES 0603_1608 New Footprint=RES 0603_1608
Change Physical Footprint: Designator=R28 Old Footprint=RES 0603_1608 New Footprint=RES 0603_1608
Change Physical Footprint: Designator=R29 Old Footprint=RES 0603_1608 New Footprint=RES 0603_1608
Change Physical Footprint: Designator=R30 Old Footprint=RES 0603_1608 New Footprint=RES 0603_1608
Change Physical Footprint: Designator=R31 Old Footprint=RES 0603_1608 New Footprint=RES 0603_1608
Change Physical Footprint: Designator=R32 Old Footprint=RES 0603_1608 New Footprint=RES 0603_1608
Change Physical Footprint: Designator=R33 Old Footprint=RES 0603_1608 New Footprint=RES 0603_1608
Change Physical Footprint: Designator=R34 Old Footprint=RES 0603_1608 New Footprint=RES 0603_1608
Change Physical Footprint: Designator=R35 Old Footprint=RES 0603_1608 New Footprint=RES 0603_1608
Change Physical Footprint: Designator=R36 Old Footprint=RES 0603_1608 New Footprint=RES 0603_1608
Change Physical Footprint: Designator=R37 Old Footprint=RES 0603_1608 New Footprint=RES 0603_1608
Change Physical Footprint: Designator=R38 Old Footprint=RES 0603_1608 New Footprint=RES 0603_1608
Change Physical Footprint: Designator=R39 Old Footprint=RES 0603_1608 New Footprint=RES 0603_1608
Change Physical Footprint: Designator=R40 Old Footprint=RES 0603_1608 New Footprint=RES 0603_1608
Change Physical Footprint: Designator=R41 Old Footprint=RES 0603_1608 New Footprint=RES 0603_1608
Change Physical Footprint: Designator=R42 Old Footprint=RES 0603_1608 New Footprint=RES 0603_1608
Change Physical Footprint: Designator=RV1 Old Footprint=VARC1608X55N New Footprint=VARC1608X55N
Change Physical Footprint: Designator=RV2 Old Footprint=VARC1608X55N New Footprint=VARC1608X55N
Change Physical Footprint: Designator=RV3 Old Footprint=VARC1608X55N New Footprint=VARC1608X55N
Change Physical Footprint: Designator=RV4 Old Footprint=VARC1608X55N New Footprint=VARC1608X55N
Change Physical Footprint: Designator=RV5 Old Footprint=VARC1608X55N New Footprint=VARC1608X55N
Change Physical Footprint: Designator=RV6 Old Footprint=VARC1608X55N New Footprint=VARC1608X55N
Change Physical Footprint: Designator=RV7 Old Footprint=VARC1608X55N New Footprint=VARC1608X55N
Change Physical Footprint: Designator=RV8 Old Footprint=VARC1608X55N New Footprint=VARC1608X55N
Change Physical Footprint: Designator=RV9 Old Footprint=VARC1608X55N New Footprint=VARC1608X55N
Change Physical Footprint: Designator=RV10 Old Footprint=VARC1608X55N New Footprint=VARC1608X55N
Change Physical Footprint: Designator=RV11 Old Footprint=VARC1608X55N New Footprint=VARC1608X55N
Change Physical Footprint: Designator=RV12 Old Footprint=VARC1608X55N New Footprint=VARC1608X55N
Change Physical Footprint: Designator=RV13 Old Footprint=VARC1608X55N New Footprint=VARC1608X55N
Change Physical Footprint: Designator=Y1 Old Footprint=X322516MLB4SI New Footprint=X322516MLB4SI
Change Physical Footprint: Designator=Y2 Old Footprint=EPSON TSX-3225 New Footprint=EPSON TSX-3225
